{
  "RSpec": {
    "coverage": {
      "/Users/mkfdrumming/Projects/seddit/app/models/user.rb": {
        "lines": [
          null,
          null,
          1,
          1,
          1,
          1,
          1,
          null,
          null
        ]
      },
      "/Users/mkfdrumming/Projects/seddit/app/models/application_record.rb": {
        "lines": [
          null,
          null,
          1,
          1,
          null
        ]
      },
      "/Users/mkfdrumming/Projects/seddit/app/helpers/application_helper.rb": {
        "lines": [
          null,
          null,
          1,
          null
        ]
      },
      "/Users/mkfdrumming/Projects/seddit/app/helpers/registrations_helper.rb": {
        "lines": [
          null,
          null,
          1,
          null
        ]
      },
      "/Users/mkfdrumming/Projects/seddit/app/models/community.rb": {
        "lines": [
          null,
          null,
          null,
          1,
          1,
          1,
          1,
          1,
          null,
          1,
          1,
          null,
          null
        ]
      },
      "/Users/mkfdrumming/Projects/seddit/app/controllers/communities_controller.rb": {
        "lines": [
          null,
          null,
          null,
          1,
          1,
          null,
          1,
          13,
          null,
          null,
          1,
          11,
          11,
          11,
          10,
          null,
          1,
          null,
          null,
          null,
          1,
          14,
          null,
          null,
          1,
          1,
          1,
          1,
          1,
          null,
          0,
          null,
          null,
          null,
          1,
          null,
          1,
          11,
          null,
          null
        ]
      },
      "/Users/mkfdrumming/Projects/seddit/app/controllers/application_controller.rb": {
        "lines": [
          null,
          null,
          1,
          null
        ]
      },
      "/Users/mkfdrumming/Projects/seddit/app/controllers/registrations_controller.rb": {
        "lines": [
          null,
          null,
          1,
          1,
          16,
          null,
          null
        ]
      },
      "/Users/mkfdrumming/Projects/seddit/app/controllers/post_controller.rb": {
        "lines": [
          null,
          null,
          null,
          1,
          1,
          null,
          1,
          27,
          null,
          null,
          1,
          8,
          8,
          1,
          null,
          7,
          null,
          null,
          null,
          1,
          6,
          6,
          5,
          null,
          1,
          null,
          null,
          null,
          1,
          null,
          1,
          6,
          null,
          null
        ]
      },
      "/Users/mkfdrumming/Projects/seddit/app/models/post.rb": {
        "lines": [
          null,
          null,
          1,
          1,
          1,
          1,
          null
        ]
      },
      "/Users/mkfdrumming/Projects/seddit/app/models/membership.rb": {
        "lines": [
          1,
          1,
          1,
          null
        ]
      }
    },
    "timestamp": 1630790853
  }
}
